13:54:17.873 [main] INFO  com.epam.filesystem.Main - sdsa
13:55:06.305 [main] INFO  com.epam.filesystem.Main - sdsa
13:55:06.318 [main] ERROR com.epam.filesystem.Main - dsf
13:55:06.318 [main] WARN  com.epam.filesystem.Main - gfs
13:56:54.415 [main] INFO  com.epam.filesystem.Main - sdsa
13:56:54.427 [main] ERROR com.epam.filesystem.Main - dsf
13:56:54.427 [main] WARN  com.epam.filesystem.Main - gfs
13:59:17.838 [main] INFO  com.epam.filesystem.Main - не работатет
17:39:47.126 [main] INFO  com.epam.filesystem.Main - Чтобы определить полный путь заданного файла, нажмите 1
Чтобы подсчитать количество файлов в заданном каталоге, включая вложенные файлы и каталоги, нажмите 2
Чтобы подсчитать место, занимаое на диске содержимым заданного каталога, нажмите 3
Чтобы найти в базе файлы по заданной маске с выдачей полного пути, нажмите 4
Чтобы удалить файлы и каталоги заданного каталога, нажмите 5
Чтобы переместить файлы и каталоги из одного в другой, нажмите 6

17:41:43.253 [main] INFO  com.epam.filesystem.Main - Чтобы определить полный путь заданного файла, нажмите 1
Чтобы подсчитать количество файлов в заданном каталоге, включая вложенные файлы и каталоги, нажмите 2
Чтобы подсчитать место, занимаое на диске содержимым заданного каталога, нажмите 3
Чтобы найти в базе файлы по заданной маске с выдачей полного пути, нажмите 4
Чтобы удалить файлы и каталоги заданного каталога, нажмите 5
Чтобы переместить файлы и каталоги из одного в другой, нажмите 6

17:44:47.253 [main] INFO  com.epam.filesystem.Main - Чтобы определить полный путь заданного файла, нажмите 1
Чтобы подсчитать количество файлов в заданном каталоге, включая вложенные файлы и каталоги, нажмите 2
Чтобы подсчитать место, занимаое на диске содержимым заданного каталога, нажмите 3
Чтобы найти в базе файлы по заданной маске с выдачей полного пути, нажмите 4
Чтобы удалить файлы и каталоги заданного каталога, нажмите 5
Чтобы переместить файлы и каталоги из одного в другой, нажмите 6

17:53:49.833 [main] INFO  com.epam.filesystem.Main - Чтобы определить полный путь заданного файла, нажмите 1
Чтобы подсчитать количество файлов в заданном каталоге, включая вложенные файлы и каталоги, нажмите 2
Чтобы подсчитать место, занимаое на диске содержимым заданного каталога, нажмите 3
Чтобы найти в базе файлы по заданной маске с выдачей полного пути, нажмите 4
Чтобы удалить файлы и каталоги заданного каталога, нажмите 5
Чтобы переместить файлы и каталоги из одного в другой, нажмите 6

17:54:16.643 [main] INFO  com.epam.filesystem.Main - Чтобы определить полный путь заданного файла, нажмите 1
Чтобы подсчитать количество файлов в заданном каталоге, включая вложенные файлы и каталоги, нажмите 2
Чтобы подсчитать место, занимаое на диске содержимым заданного каталога, нажмите 3
Чтобы найти в базе файлы по заданной маске с выдачей полного пути, нажмите 4
Чтобы удалить файлы и каталоги заданного каталога, нажмите 5
Чтобы переместить файлы и каталоги из одного в другой, нажмите 6

17:55:20.448 [main] INFO  com.epam.filesystem.Main - Чтобы определить полный путь заданного файла, нажмите 1
Чтобы подсчитать количество файлов в заданном каталоге, включая вложенные файлы и каталоги, нажмите 2
Чтобы подсчитать место, занимаое на диске содержимым заданного каталога, нажмите 3
Чтобы найти в базе файлы по заданной маске с выдачей полного пути, нажмите 4
Чтобы удалить файлы и каталоги заданного каталога, нажмите 5
Чтобы переместить файлы и каталоги из одного в другой, нажмите 6

17:58:33.947 [main] INFO  com.epam.filesystem.Main - Чтобы определить полный путь заданного файла, нажмите 1
Чтобы подсчитать количество файлов в заданном каталоге, включая вложенные файлы и каталоги, нажмите 2
Чтобы подсчитать место, занимаое на диске содержимым заданного каталога, нажмите 3
Чтобы найти в базе файлы по заданной маске с выдачей полного пути, нажмите 4
Чтобы удалить файлы и каталоги заданного каталога, нажмите 5
Чтобы переместить файлы и каталоги из одного в другой, нажмите 6
Для выхода нажмите 0
19:44:28.079 [main] INFO  com.epam.filesystem.Main - Чтобы определить полный путь заданного файла, нажмите 1
Чтобы подсчитать количество файлов в заданном каталоге, включая вложенные файлы и каталоги, нажмите 2
Чтобы подсчитать место, занимаое на диске содержимым заданного каталога, нажмите 3
Чтобы найти в базе файлы по заданной маске с выдачей полного пути, нажмите 4
Чтобы удалить файлы и каталоги заданного каталога, нажмите 5
Чтобы переместить файлы и каталоги из одного в другой, нажмите 6
Для выхода нажмите 0
19:44:33.879 [main] INFO  com.epam.filesystem.Main - Введите имя файла
19:44:36.190 [main] ERROR com.epam.filesystem.Main - Stream closed
19:44:59.493 [main] INFO  com.epam.filesystem.Main - Чтобы определить полный путь заданного файла, нажмите 1
Чтобы подсчитать количество файлов в заданном каталоге, включая вложенные файлы и каталоги, нажмите 2
Чтобы подсчитать место, занимаое на диске содержимым заданного каталога, нажмите 3
Чтобы найти в базе файлы по заданной маске с выдачей полного пути, нажмите 4
Чтобы удалить файлы и каталоги заданного каталога, нажмите 5
Чтобы переместить файлы и каталоги из одного в другой, нажмите 6
Для выхода нажмите 0
19:47:04.220 [main] INFO  com.epam.filesystem.Main - Чтобы определить полный путь заданного файла, нажмите 1
Чтобы подсчитать количество файлов в заданном каталоге, включая вложенные файлы и каталоги, нажмите 2
Чтобы подсчитать место, занимаое на диске содержимым заданного каталога, нажмите 3
Чтобы найти в базе файлы по заданной маске с выдачей полного пути, нажмите 4
Чтобы удалить файлы и каталоги заданного каталога, нажмите 5
Чтобы переместить файлы и каталоги из одного в другой, нажмите 6
Для выхода нажмите 0
19:47:10.101 [main] INFO  com.epam.filesystem.Main - Введите имя файла
19:48:39.614 [main] ERROR com.epam.filesystem.Main - Stream closed
15:08:37.775 [main] INFO  com.epam.filesystem.Main - Чтобы определить полный путь заданного файла, нажмите 1
Чтобы подсчитать количество файлов в заданном каталоге, включая вложенные файлы и каталоги, нажмите 2
Чтобы подсчитать место, занимаое на диске содержимым заданного каталога, нажмите 3
Чтобы найти в базе файлы по заданной маске с выдачей полного пути, нажмите 4
Чтобы удалить файлы и каталоги заданного каталога, нажмите 5
Чтобы переместить файлы и каталоги из одного в другой, нажмите 6
Для выхода нажмите 0
15:22:18.870 [main] INFO  com.epam.filesystem.Main - Чтобы определить полный путь заданного файла, нажмите 1
Чтобы подсчитать количество файлов в заданном каталоге, включая вложенные файлы и каталоги, нажмите 2
Чтобы подсчитать место, занимаое на диске содержимым заданного каталога, нажмите 3
Чтобы найти в базе файлы по заданной маске с выдачей полного пути, нажмите 4
Чтобы удалить файлы и каталоги заданного каталога, нажмите 5
Чтобы переместить файлы и каталоги из одного в другой, нажмите 6
Для выхода нажмите 0
15:24:43.539 [main] INFO  com.epam.filesystem.Main - Чтобы определить полный путь заданного файла, нажмите 1
Чтобы подсчитать количество файлов в заданном каталоге, включая вложенные файлы и каталоги, нажмите 2
Чтобы подсчитать место, занимаое на диске содержимым заданного каталога, нажмите 3
Чтобы найти в базе файлы по заданной маске с выдачей полного пути, нажмите 4
Чтобы удалить файлы и каталоги заданного каталога, нажмите 5
Чтобы переместить файлы и каталоги из одного в другой, нажмите 6
Для выхода нажмите 0
13:35:32.446 [main] INFO  com.epam.filesystem.Main - Чтобы определить полный путь заданного файла, нажмите 1
Чтобы подсчитать количество файлов в заданном каталоге, включая вложенные файлы и каталоги, нажмите 2
Чтобы подсчитать место, занимаое на диске содержимым заданного каталога, нажмите 3
Чтобы найти в базе файлы по заданной маске с выдачей полного пути, нажмите 4
Чтобы удалить файлы и каталоги заданного каталога, нажмите 5
Чтобы переместить файлы и каталоги из одного в другой, нажмите 6
Для выхода нажмите 0
14:30:14.337 [main] INFO  com.epam.filesystem.Main - Чтобы определить полный путь заданного файла, нажмите 1
Чтобы подсчитать количество файлов в заданном каталоге, включая вложенные файлы и каталоги, нажмите 2
Чтобы подсчитать место, занимаое на диске содержимым заданного каталога, нажмите 3
Чтобы найти в базе файлы по заданной маске с выдачей полного пути, нажмите 4
Чтобы удалить файлы и каталоги заданного каталога, нажмите 5
Чтобы переместить файлы и каталоги из одного в другой, нажмите 6
Для выхода нажмите 0
14:33:33.882 [main] INFO  com.epam.filesystem.Main - Чтобы определить полный путь заданного файла, нажмите 1
Чтобы подсчитать количество файлов в заданном каталоге, включая вложенные файлы и каталоги, нажмите 2
Чтобы подсчитать место, занимаое на диске содержимым заданного каталога, нажмите 3
Чтобы найти в базе файлы по заданной маске с выдачей полного пути, нажмите 4
Чтобы удалить файлы и каталоги заданного каталога, нажмите 5
Чтобы переместить файлы и каталоги из одного в другой, нажмите 6
Для выхода нажмите 0
14:37:54.565 [main] INFO  com.epam.filesystem.Main - Чтобы определить полный путь заданного файла, нажмите 1
Чтобы подсчитать количество файлов в заданном каталоге, включая вложенные файлы и каталоги, нажмите 2
Чтобы подсчитать место, занимаое на диске содержимым заданного каталога, нажмите 3
Чтобы найти в базе файлы по заданной маске с выдачей полного пути, нажмите 4
Чтобы удалить файлы и каталоги заданного каталога, нажмите 5
Чтобы переместить файлы и каталоги из одного в другой, нажмите 6
Для выхода нажмите 0
14:40:19.756 [main] INFO  com.epam.filesystem.Main - Чтобы определить полный путь заданного файла, нажмите 1
Чтобы подсчитать количество файлов в заданном каталоге, включая вложенные файлы и каталоги, нажмите 2
Чтобы подсчитать место, занимаое на диске содержимым заданного каталога, нажмите 3
Чтобы найти в базе файлы по заданной маске с выдачей полного пути, нажмите 4
Чтобы удалить файлы и каталоги заданного каталога, нажмите 5
Чтобы переместить файлы и каталоги из одного в другой, нажмите 6
Для выхода нажмите 0
14:40:40.065 [main] INFO  com.epam.filesystem.Main - Чтобы определить полный путь заданного файла, нажмите 1
Чтобы подсчитать количество файлов в заданном каталоге, включая вложенные файлы и каталоги, нажмите 2
Чтобы подсчитать место, занимаое на диске содержимым заданного каталога, нажмите 3
Чтобы найти в базе файлы по заданной маске с выдачей полного пути, нажмите 4
Чтобы удалить файлы и каталоги заданного каталога, нажмите 5
Чтобы переместить файлы и каталоги из одного в другой, нажмите 6
Для выхода нажмите 0
14:44:04.746 [main] INFO  com.epam.filesystem.Main - Чтобы определить полный путь заданного файла, нажмите 1
Чтобы подсчитать количество файлов в заданном каталоге, включая вложенные файлы и каталоги, нажмите 2
Чтобы подсчитать место, занимаое на диске содержимым заданного каталога, нажмите 3
Чтобы найти в базе файлы по заданной маске с выдачей полного пути, нажмите 4
Чтобы удалить файлы и каталоги заданного каталога, нажмите 5
Чтобы переместить файлы и каталоги из одного в другой, нажмите 6
Для выхода нажмите 0
14:44:07.672 [main] INFO  com.epam.filesystem.Main - Connection is closed at Tue Jun 01 14:44:07 MSK 2021
14:45:30.137 [main] INFO  com.epam.filesystem.Main - Чтобы определить полный путь заданного файла, нажмите 1
Чтобы подсчитать количество файлов в заданном каталоге, включая вложенные файлы и каталоги, нажмите 2
Чтобы подсчитать место, занимаое на диске содержимым заданного каталога, нажмите 3
Чтобы найти в базе файлы по заданной маске с выдачей полного пути, нажмите 4
Чтобы удалить файлы и каталоги заданного каталога, нажмите 5
Чтобы переместить файлы и каталоги из одного в другой, нажмите 6
Для выхода нажмите 0
14:45:39.625 [main] INFO  com.epam.filesystem.Main - Connection is closed at Tue Jun 01 14:45:39 MSK 2021
14:46:57.912 [main] INFO  com.epam.filesystem.Main - Чтобы определить полный путь заданного файла, нажмите 1
Чтобы подсчитать количество файлов в заданном каталоге, включая вложенные файлы и каталоги, нажмите 2
Чтобы подсчитать место, занимаое на диске содержимым заданного каталога, нажмите 3
Чтобы найти в базе файлы по заданной маске с выдачей полного пути, нажмите 4
Чтобы удалить файлы и каталоги заданного каталога, нажмите 5
Чтобы переместить файлы и каталоги из одного в другой, нажмите 6
Для выхода нажмите 0
14:46:59.692 [main] INFO  com.epam.filesystem.Main - Connection is closed
14:52:13.563 [main] INFO  com.epam.filesystem.Main - Чтобы определить полный путь заданного файла, нажмите 1
Чтобы подсчитать количество файлов в заданном каталоге, включая вложенные файлы и каталоги, нажмите 2
Чтобы подсчитать место, занимаое на диске содержимым заданного каталога, нажмите 3
Чтобы найти в базе файлы по заданной маске с выдачей полного пути, нажмите 4
Чтобы удалить файлы и каталоги заданного каталога, нажмите 5
Чтобы переместить файлы и каталоги из одного в другой, нажмите 6
Для выхода нажмите 0
14:52:21.876 [main] INFO  com.epam.filesystem.Main - Введите имя файла
14:52:26.143 [main] ERROR com.epam.filesystem.Main - Stream closed
14:52:26.143 [main] INFO  com.epam.filesystem.Main - Connection is closed. Bye!
14:53:31.125 [main] INFO  com.epam.filesystem.Main - Чтобы определить полный путь заданного файла, нажмите 1
Чтобы подсчитать количество файлов в заданном каталоге, включая вложенные файлы и каталоги, нажмите 2
Чтобы подсчитать место, занимаое на диске содержимым заданного каталога, нажмите 3
Чтобы найти в базе файлы по заданной маске с выдачей полного пути, нажмите 4
Чтобы удалить файлы и каталоги заданного каталога, нажмите 5
Чтобы переместить файлы и каталоги из одного в другой, нажмите 6
Для выхода нажмите 0
14:53:33.782 [main] INFO  com.epam.filesystem.Main - Введите имя файла
14:53:36.940 [main] ERROR com.epam.filesystem.Main - Stream closed
14:53:36.940 [main] INFO  com.epam.filesystem.Main - Connection is closed. Bye!
14:57:05.944 [main] INFO  com.epam.filesystem.Main - Чтобы определить полный путь заданного файла, нажмите 1
Чтобы подсчитать количество файлов в заданном каталоге, включая вложенные файлы и каталоги, нажмите 2
Чтобы подсчитать место, занимаое на диске содержимым заданного каталога, нажмите 3
Чтобы найти в базе файлы по заданной маске с выдачей полного пути, нажмите 4
Чтобы удалить файлы и каталоги заданного каталога, нажмите 5
Чтобы переместить файлы и каталоги из одного в другой, нажмите 6
Для выхода нажмите 0
14:57:09.854 [main] INFO  com.epam.filesystem.Main - Введите имя файла
14:57:12.105 [main] ERROR com.epam.filesystem.Main - Stream closed
14:57:12.105 [main] INFO  com.epam.filesystem.Main - Connection is closed. Bye!
14:58:55.757 [main] INFO  com.epam.filesystem.Main - Чтобы определить полный путь заданного файла, нажмите 1
Чтобы подсчитать количество файлов в заданном каталоге, включая вложенные файлы и каталоги, нажмите 2
Чтобы подсчитать место, занимаое на диске содержимым заданного каталога, нажмите 3
Чтобы найти в базе файлы по заданной маске с выдачей полного пути, нажмите 4
Чтобы удалить файлы и каталоги заданного каталога, нажмите 5
Чтобы переместить файлы и каталоги из одного в другой, нажмите 6
Для выхода нажмите 0
14:59:13.166 [main] INFO  com.epam.filesystem.Main - Введите имя файла
15:01:06.688 [main] ERROR com.epam.filesystem.Main - Stream closed
15:01:09.701 [main] INFO  com.epam.filesystem.Main - Connection is closed. Bye!
15:02:49.742 [main] INFO  com.epam.filesystem.Main - Чтобы определить полный путь заданного файла, нажмите 1
Чтобы подсчитать количество файлов в заданном каталоге, включая вложенные файлы и каталоги, нажмите 2
Чтобы подсчитать место, занимаое на диске содержимым заданного каталога, нажмите 3
Чтобы найти в базе файлы по заданной маске с выдачей полного пути, нажмите 4
Чтобы удалить файлы и каталоги заданного каталога, нажмите 5
Чтобы переместить файлы и каталоги из одного в другой, нажмите 6
Для выхода нажмите 0
15:02:56.994 [main] INFO  com.epam.filesystem.Main - Введите имя файла
15:02:58.885 [main] ERROR com.epam.filesystem.Main - Stream closed
15:02:58.885 [main] INFO  com.epam.filesystem.Main - Connection is closed. Bye!
15:03:51.728 [main] INFO  com.epam.filesystem.Main - Чтобы определить полный путь заданного файла, нажмите 1
Чтобы подсчитать количество файлов в заданном каталоге, включая вложенные файлы и каталоги, нажмите 2
Чтобы подсчитать место, занимаое на диске содержимым заданного каталога, нажмите 3
Чтобы найти в базе файлы по заданной маске с выдачей полного пути, нажмите 4
Чтобы удалить файлы и каталоги заданного каталога, нажмите 5
Чтобы переместить файлы и каталоги из одного в другой, нажмите 6
Для выхода нажмите 0
15:04:06.781 [main] INFO  com.epam.filesystem.Main - Введите имя файла
15:06:45.815 [main] ERROR com.epam.filesystem.Main - Stream closed
15:06:45.830 [main] INFO  com.epam.filesystem.Main - Connection is closed. Bye!
15:07:24.063 [main] INFO  com.epam.filesystem.Main - Чтобы определить полный путь заданного файла, нажмите 1
Чтобы подсчитать количество файлов в заданном каталоге, включая вложенные файлы и каталоги, нажмите 2
Чтобы подсчитать место, занимаое на диске содержимым заданного каталога, нажмите 3
Чтобы найти в базе файлы по заданной маске с выдачей полного пути, нажмите 4
Чтобы удалить файлы и каталоги заданного каталога, нажмите 5
Чтобы переместить файлы и каталоги из одного в другой, нажмите 6
Для выхода нажмите 0
15:07:36.114 [main] INFO  com.epam.filesystem.Main - Введите имя файла
15:09:28.678 [main] ERROR com.epam.filesystem.Main - Stream closed
15:09:38.047 [main] INFO  com.epam.filesystem.Main - Connection is closed. Bye!
15:10:11.724 [main] INFO  com.epam.filesystem.Main - Чтобы определить полный путь заданного файла, нажмите 1
Чтобы подсчитать количество файлов в заданном каталоге, включая вложенные файлы и каталоги, нажмите 2
Чтобы подсчитать место, занимаое на диске содержимым заданного каталога, нажмите 3
Чтобы найти в базе файлы по заданной маске с выдачей полного пути, нажмите 4
Чтобы удалить файлы и каталоги заданного каталога, нажмите 5
Чтобы переместить файлы и каталоги из одного в другой, нажмите 6
Для выхода нажмите 0
15:10:21.953 [main] INFO  com.epam.filesystem.Main - Введите имя файла
15:11:37.996 [main] ERROR com.epam.filesystem.Main - Stream closed
15:11:37.996 [main] INFO  com.epam.filesystem.Main - Connection is closed. Bye!
15:13:38.206 [main] INFO  com.epam.filesystem.Main - Чтобы определить полный путь заданного файла, нажмите 1
Чтобы подсчитать количество файлов в заданном каталоге, включая вложенные файлы и каталоги, нажмите 2
Чтобы подсчитать место, занимаое на диске содержимым заданного каталога, нажмите 3
Чтобы найти в базе файлы по заданной маске с выдачей полного пути, нажмите 4
Чтобы удалить файлы и каталоги заданного каталога, нажмите 5
Чтобы переместить файлы и каталоги из одного в другой, нажмите 6
Для выхода нажмите 0
15:13:45.489 [main] INFO  com.epam.filesystem.Main - Введите имя файла
15:14:16.447 [main] INFO  com.epam.filesystem.Main - Введите имя файла
15:14:41.673 [main] INFO  com.epam.filesystem.Main - Connection is closed. Bye!
15:16:26.321 [main] INFO  com.epam.filesystem.Main - Чтобы определить полный путь заданного файла, нажмите 1
Чтобы подсчитать количество файлов в заданном каталоге, включая вложенные файлы и каталоги, нажмите 2
Чтобы подсчитать место, занимаое на диске содержимым заданного каталога, нажмите 3
Чтобы найти в базе файлы по заданной маске с выдачей полного пути, нажмите 4
Чтобы удалить файлы и каталоги заданного каталога, нажмите 5
Чтобы переместить файлы и каталоги из одного в другой, нажмите 6
Для выхода нажмите 0
15:16:34.858 [main] INFO  com.epam.filesystem.Main - Введите имя файла
15:17:02.366 [main] ERROR com.epam.filesystem.Main - Stream closed
15:17:07.151 [main] INFO  com.epam.filesystem.Main - Connection is closed. Bye!
15:18:51.010 [main] INFO  com.epam.filesystem.Main - Чтобы определить полный путь заданного файла, нажмите 1
Чтобы подсчитать количество файлов в заданном каталоге, включая вложенные файлы и каталоги, нажмите 2
Чтобы подсчитать место, занимаое на диске содержимым заданного каталога, нажмите 3
Чтобы найти в базе файлы по заданной маске с выдачей полного пути, нажмите 4
Чтобы удалить файлы и каталоги заданного каталога, нажмите 5
Чтобы переместить файлы и каталоги из одного в другой, нажмите 6
Для выхода нажмите 0
15:18:54.344 [main] INFO  com.epam.filesystem.Main - Введите имя файла
15:18:58.686 [main] INFO  com.epam.filesystem.Main - Введите имя файла
15:19:02.959 [main] INFO  com.epam.filesystem.Main - Connection is closed. Bye!
16:41:22.621 [main] INFO  com.epam.filesystem.Main - Чтобы определить полный путь заданного файла, нажмите 1
Чтобы подсчитать количество файлов в заданном каталоге, включая вложенные файлы и каталоги, нажмите 2
Чтобы подсчитать место, занимаое на диске содержимым заданного каталога, нажмите 3
Чтобы найти в базе файлы по заданной маске с выдачей полного пути, нажмите 4
Чтобы удалить файлы и каталоги заданного каталога, нажмите 5
Чтобы переместить файлы и каталоги из одного в другой, нажмите 6
Для выхода нажмите 0
16:51:38.269 [main] INFO  com.epam.filesystem.Main - Введите имя файла
16:53:54.147 [main] INFO  com.epam.filesystem.Main - Чтобы определить полный путь заданного файла, нажмите 1
Чтобы подсчитать количество файлов в заданном каталоге, включая вложенные файлы и каталоги, нажмите 2
Чтобы подсчитать место, занимаое на диске содержимым заданного каталога, нажмите 3
Чтобы найти в базе файлы по заданной маске с выдачей полного пути, нажмите 4
Чтобы удалить файлы и каталоги заданного каталога, нажмите 5
Чтобы переместить файлы и каталоги из одного в другой, нажмите 6
Для выхода нажмите 0
16:54:09.731 [main] INFO  com.epam.filesystem.Main - Введите имя файла
17:26:07.039 [main] INFO  com.epam.filesystem.Main - Чтобы определить полный путь заданного файла, нажмите 1
Чтобы подсчитать количество файлов в заданном каталоге, включая вложенные файлы и каталоги, нажмите 2
Чтобы подсчитать место, занимаое на диске содержимым заданного каталога, нажмите 3
Чтобы найти в базе файлы по заданной маске с выдачей полного пути, нажмите 4
Чтобы удалить файлы и каталоги заданного каталога, нажмите 5
Чтобы переместить файлы и каталоги из одного в другой, нажмите 6
Для выхода нажмите 0
17:26:10.999 [main] INFO  com.epam.filesystem.Main - Введите имя файла
17:27:26.850 [main] INFO  com.epam.filesystem.Main - Чтобы определить полный путь заданного файла, нажмите 1
Чтобы подсчитать количество файлов в заданном каталоге, включая вложенные файлы и каталоги, нажмите 2
Чтобы подсчитать место, занимаое на диске содержимым заданного каталога, нажмите 3
Чтобы найти в базе файлы по заданной маске с выдачей полного пути, нажмите 4
Чтобы удалить файлы и каталоги заданного каталога, нажмите 5
Чтобы переместить файлы и каталоги из одного в другой, нажмите 6
Для выхода нажмите 0
17:27:31.007 [main] INFO  com.epam.filesystem.Main - Введите имя файла
17:30:17.260 [main] INFO  com.epam.filesystem.Main - Чтобы определить полный путь заданного файла, нажмите 1
Чтобы подсчитать количество файлов в заданном каталоге, включая вложенные файлы и каталоги, нажмите 2
Чтобы подсчитать место, занимаое на диске содержимым заданного каталога, нажмите 3
Чтобы найти в базе файлы по заданной маске с выдачей полного пути, нажмите 4
Чтобы удалить файлы и каталоги заданного каталога, нажмите 5
Чтобы переместить файлы и каталоги из одного в другой, нажмите 6
Для выхода нажмите 0
17:30:19.588 [main] INFO  com.epam.filesystem.Main - Введите имя файла
17:37:45.583 [main] INFO  com.epam.filesystem.Main - Чтобы определить полный путь заданного файла, нажмите 1
Чтобы подсчитать количество файлов в заданном каталоге, включая вложенные файлы и каталоги, нажмите 2
Чтобы подсчитать место, занимаое на диске содержимым заданного каталога, нажмите 3
Чтобы найти в базе файлы по заданной маске с выдачей полного пути, нажмите 4
Чтобы удалить файлы и каталоги заданного каталога, нажмите 5
Чтобы переместить файлы и каталоги из одного в другой, нажмите 6
Для выхода нажмите 0
17:37:55.479 [main] INFO  com.epam.filesystem.Main - Введите имя файла
17:43:43.567 [main] INFO  com.epam.filesystem.Main - Чтобы определить полный путь заданного файла, нажмите 1
Чтобы подсчитать количество файлов в заданном каталоге, включая вложенные файлы и каталоги, нажмите 2
Чтобы подсчитать место, занимаое на диске содержимым заданного каталога, нажмите 3
Чтобы найти в базе файлы по заданной маске с выдачей полного пути, нажмите 4
Чтобы удалить файлы и каталоги заданного каталога, нажмите 5
Чтобы переместить файлы и каталоги из одного в другой, нажмите 6
Для выхода нажмите 0
17:43:46.568 [main] INFO  com.epam.filesystem.Main - Введите имя файла
17:44:07.438 [main] INFO  com.epam.filesystem.Main - Чтобы определить полный путь заданного файла, нажмите 1
Чтобы подсчитать количество файлов в заданном каталоге, включая вложенные файлы и каталоги, нажмите 2
Чтобы подсчитать место, занимаое на диске содержимым заданного каталога, нажмите 3
Чтобы найти в базе файлы по заданной маске с выдачей полного пути, нажмите 4
Чтобы удалить файлы и каталоги заданного каталога, нажмите 5
Чтобы переместить файлы и каталоги из одного в другой, нажмите 6
Для выхода нажмите 0
17:44:09.472 [main] INFO  com.epam.filesystem.Main - Введите имя файла
17:44:27.265 [main] INFO  com.epam.filesystem.Main - Чтобы определить полный путь заданного файла, нажмите 1
Чтобы подсчитать количество файлов в заданном каталоге, включая вложенные файлы и каталоги, нажмите 2
Чтобы подсчитать место, занимаое на диске содержимым заданного каталога, нажмите 3
Чтобы найти в базе файлы по заданной маске с выдачей полного пути, нажмите 4
Чтобы удалить файлы и каталоги заданного каталога, нажмите 5
Чтобы переместить файлы и каталоги из одного в другой, нажмите 6
Для выхода нажмите 0
17:44:29.299 [main] INFO  com.epam.filesystem.Main - Введите имя файла
17:44:33.971 [main] INFO  com.epam.filesystem.Main - Введите имя файла
17:59:08.942 [main] INFO  com.epam.filesystem.Main - Чтобы определить полный путь заданного файла, нажмите 1
Чтобы подсчитать количество файлов в заданном каталоге, включая вложенные файлы и каталоги, нажмите 2
Чтобы подсчитать место, занимаое на диске содержимым заданного каталога, нажмите 3
Чтобы найти в базе файлы по заданной маске с выдачей полного пути, нажмите 4
Чтобы удалить файлы и каталоги заданного каталога, нажмите 5
Чтобы переместить файлы и каталоги из одного в другой, нажмите 6
Для выхода нажмите 0
17:59:13.256 [main] INFO  com.epam.filesystem.Main - Введите имя файла
17:59:28.266 [main] INFO  com.epam.filesystem.Main - Введите имя файла
17:59:30.970 [main] INFO  com.epam.filesystem.Main - Введите имя файла
17:59:36.330 [main] INFO  com.epam.filesystem.Main - Введите имя файла
17:59:46.989 [main] INFO  com.epam.filesystem.Main - Connection is closed. Bye!
18:00:47.264 [main] INFO  com.epam.filesystem.Main - Чтобы определить полный путь заданного файла, нажмите 1
Чтобы подсчитать количество файлов в заданном каталоге, включая вложенные файлы и каталоги, нажмите 2
Чтобы подсчитать место, занимаое на диске содержимым заданного каталога, нажмите 3
Чтобы найти в базе файлы по заданной маске с выдачей полного пути, нажмите 4
Чтобы удалить файлы и каталоги заданного каталога, нажмите 5
Чтобы переместить файлы и каталоги из одного в другой, нажмите 6
Для выхода нажмите 0
18:00:51.344 [main] INFO  com.epam.filesystem.Main - Введите имя файла
18:01:37.059 [main] INFO  com.epam.filesystem.Main - Чтобы определить полный путь заданного файла, нажмите 1
Чтобы подсчитать количество файлов в заданном каталоге, включая вложенные файлы и каталоги, нажмите 2
Чтобы подсчитать место, занимаое на диске содержимым заданного каталога, нажмите 3
Чтобы найти в базе файлы по заданной маске с выдачей полного пути, нажмите 4
Чтобы удалить файлы и каталоги заданного каталога, нажмите 5
Чтобы переместить файлы и каталоги из одного в другой, нажмите 6
Для выхода нажмите 0
18:01:38.934 [main] INFO  com.epam.filesystem.Main - Введите имя файла
18:01:47.063 [main] INFO  com.epam.filesystem.Main - Введите имя файла
18:05:33.075 [main] INFO  com.epam.filesystem.Main - Чтобы определить полный путь заданного файла, нажмите 1
Чтобы подсчитать количество файлов в заданном каталоге, включая вложенные файлы и каталоги, нажмите 2
Чтобы подсчитать место, занимаое на диске содержимым заданного каталога, нажмите 3
Чтобы найти в базе файлы по заданной маске с выдачей полного пути, нажмите 4
Чтобы удалить файлы и каталоги заданного каталога, нажмите 5
Чтобы переместить файлы и каталоги из одного в другой, нажмите 6
Для выхода нажмите 0
18:05:36.640 [main] INFO  com.epam.filesystem.Main - Введите имя файла
18:05:41.032 [main] INFO  com.epam.filesystem.Main - Введите имя файла
18:05:44.751 [main] INFO  com.epam.filesystem.Main - Введите имя файла
18:05:54.192 [main] INFO  com.epam.filesystem.Main - Connection is closed. Bye!
18:32:24.725 [main] INFO  com.epam.filesystem.Main - Чтобы определить полный путь заданного файла, нажмите 1
Чтобы подсчитать количество файлов в заданном каталоге, включая вложенные файлы и каталоги, нажмите 2
Чтобы подсчитать место, занимаое на диске содержимым заданного каталога, нажмите 3
Чтобы найти в базе файлы по заданной маске с выдачей полного пути, нажмите 4
Чтобы удалить файлы и каталоги заданного каталога, нажмите 5
Чтобы переместить файлы и каталоги из одного в другой, нажмите 6
Для выхода нажмите 0
18:32:29.383 [main] INFO  com.epam.filesystem.Main - Введите имя файла
18:32:39.043 [main] INFO  com.epam.filesystem.Main - Введите имя файла
18:32:41.763 [main] INFO  com.epam.filesystem.Main - Введите имя файла
18:32:44.135 [main] INFO  com.epam.filesystem.Main - Введите имя файла
18:32:46.683 [main] INFO  com.epam.filesystem.Main - Введите имя файла
18:33:32.773 [main] INFO  com.epam.filesystem.Main - Чтобы определить полный путь заданного файла, нажмите 1
Чтобы подсчитать количество файлов в заданном каталоге, включая вложенные файлы и каталоги, нажмите 2
Чтобы подсчитать место, занимаое на диске содержимым заданного каталога, нажмите 3
Чтобы найти в базе файлы по заданной маске с выдачей полного пути, нажмите 4
Чтобы удалить файлы и каталоги заданного каталога, нажмите 5
Чтобы переместить файлы и каталоги из одного в другой, нажмите 6
Для выхода нажмите 0
18:33:35.243 [main] INFO  com.epam.filesystem.Main - Введите имя файла
18:33:40.587 [main] INFO  com.epam.filesystem.Main - Введите имя файла
18:35:59.076 [main] INFO  com.epam.filesystem.Main - Чтобы определить полный путь заданного файла, нажмите 1
Чтобы подсчитать количество файлов в заданном каталоге, включая вложенные файлы и каталоги, нажмите 2
Чтобы подсчитать место, занимаое на диске содержимым заданного каталога, нажмите 3
Чтобы найти в базе файлы по заданной маске с выдачей полного пути, нажмите 4
Чтобы удалить файлы и каталоги заданного каталога, нажмите 5
Чтобы переместить файлы и каталоги из одного в другой, нажмите 6
Для выхода нажмите 0
18:36:00.686 [main] INFO  com.epam.filesystem.Main - Введите имя файла
18:37:08.763 [main] INFO  com.epam.filesystem.Main - Чтобы определить полный путь заданного файла, нажмите 1
Чтобы подсчитать количество файлов в заданном каталоге, включая вложенные файлы и каталоги, нажмите 2
Чтобы подсчитать место, занимаое на диске содержимым заданного каталога, нажмите 3
Чтобы найти в базе файлы по заданной маске с выдачей полного пути, нажмите 4
Чтобы удалить файлы и каталоги заданного каталога, нажмите 5
Чтобы переместить файлы и каталоги из одного в другой, нажмите 6
Для выхода нажмите 0
18:37:10.622 [main] INFO  com.epam.filesystem.Main - Введите имя файла
20:04:00.271 [main] ERROR com.epam.filesystem.Main - Синтаксическая ошибка в выражении SQL "CREATE TABLE CATALOG (
    ID INT,
    PARENTCATALOGID INT,
)[*];"; ожидалось "identifier"
Syntax error in SQL statement "CREATE TABLE CATALOG (
    ID INT,
    PARENTCATALOGID INT,
)[*];"; expected "identifier"; SQL statement:
CREATE TABLE Catalog (
    ID int,
    ParentCatalogID int,
); [42001-200]
20:04:00.283 [main] INFO  com.epam.filesystem.Main - Чтобы определить полный путь заданного файла, нажмите 1
Чтобы подсчитать количество файлов в заданном каталоге, включая вложенные файлы и каталоги, нажмите 2
Чтобы подсчитать место, занимаое на диске содержимым заданного каталога, нажмите 3
Чтобы найти в базе файлы по заданной маске с выдачей полного пути, нажмите 4
Чтобы удалить файлы и каталоги заданного каталога, нажмите 5
Чтобы переместить файлы и каталоги из одного в другой, нажмите 6
Для выхода нажмите 0
20:06:08.168 [main] ERROR com.epam.filesystem.Main - Синтаксическая ошибка в выражении SQL "CREATE TABLE CATALOG (
    ID INT,
    PARENTCATALOGID INT,
)[*];"; ожидалось "identifier"
Syntax error in SQL statement "CREATE TABLE CATALOG (
    ID INT,
    PARENTCATALOGID INT,
)[*];"; expected "identifier"; SQL statement:
CREATE TABLE Catalog (
    ID int,
    ParentCatalogID int,
); [42001-200]
20:06:08.178 [main] INFO  com.epam.filesystem.Main - Чтобы определить полный путь заданного файла, нажмите 1
Чтобы подсчитать количество файлов в заданном каталоге, включая вложенные файлы и каталоги, нажмите 2
Чтобы подсчитать место, занимаое на диске содержимым заданного каталога, нажмите 3
Чтобы найти в базе файлы по заданной маске с выдачей полного пути, нажмите 4
Чтобы удалить файлы и каталоги заданного каталога, нажмите 5
Чтобы переместить файлы и каталоги из одного в другой, нажмите 6
Для выхода нажмите 0
20:11:25.795 [main] ERROR com.epam.filesystem.Main - Синтаксическая ошибка в выражении SQL "CREATE TABLE CATALOG (
    ID INT,
    PARENTCATALOGID INT,
)[*];"; ожидалось "identifier"
Syntax error in SQL statement "CREATE TABLE CATALOG (
    ID INT,
    PARENTCATALOGID INT,
)[*];"; expected "identifier"; SQL statement:
CREATE TABLE Catalog (
    ID int,
    ParentCatalogID int,
); [42001-200]
20:11:25.805 [main] INFO  com.epam.filesystem.Main - Чтобы определить полный путь заданного файла, нажмите 1
Чтобы подсчитать количество файлов в заданном каталоге, включая вложенные файлы и каталоги, нажмите 2
Чтобы подсчитать место, занимаое на диске содержимым заданного каталога, нажмите 3
Чтобы найти в базе файлы по заданной маске с выдачей полного пути, нажмите 4
Чтобы удалить файлы и каталоги заданного каталога, нажмите 5
Чтобы переместить файлы и каталоги из одного в другой, нажмите 6
Для выхода нажмите 0
20:16:30.397 [main] ERROR com.epam.filesystem.Main - Синтаксическая ошибка в выражении SQL "CREATE TABLE CATALOGUE (
    ID INT,
    PARENTCATALOGUEID INT,
    NAME VARCHAR(255),
)[*];"; ожидалось "identifier"
Syntax error in SQL statement "CREATE TABLE CATALOGUE (
    ID INT,
    PARENTCATALOGUEID INT,
    NAME VARCHAR(255),
)[*];"; expected "identifier"; SQL statement:
CREATE TABLE Catalogue (
    ID int,
    ParentCatalogueID int,
    Name varchar(255),
); [42001-200]
20:16:30.407 [main] INFO  com.epam.filesystem.Main - Чтобы определить полный путь заданного файла, нажмите 1
Чтобы подсчитать количество файлов в заданном каталоге, включая вложенные файлы и каталоги, нажмите 2
Чтобы подсчитать место, занимаое на диске содержимым заданного каталога, нажмите 3
Чтобы найти в базе файлы по заданной маске с выдачей полного пути, нажмите 4
Чтобы удалить файлы и каталоги заданного каталога, нажмите 5
Чтобы переместить файлы и каталоги из одного в другой, нажмите 6
Для выхода нажмите 0
20:17:11.713 [main] ERROR com.epam.filesystem.Main - Синтаксическая ошибка в выражении SQL "CREATE TABLE CATALOGUE (
    IDENTIFIER INT,
    PARENTCATALOGUEID INT,
    NAME VARCHAR(255),
)[*];"; ожидалось "identifier"
Syntax error in SQL statement "CREATE TABLE CATALOGUE (
    IDENTIFIER INT,
    PARENTCATALOGUEID INT,
    NAME VARCHAR(255),
)[*];"; expected "identifier"; SQL statement:
CREATE TABLE Catalogue (
    identifier int,
    ParentCatalogueID int,
    Name varchar(255),
); [42001-200]
20:17:11.725 [main] INFO  com.epam.filesystem.Main - Чтобы определить полный путь заданного файла, нажмите 1
Чтобы подсчитать количество файлов в заданном каталоге, включая вложенные файлы и каталоги, нажмите 2
Чтобы подсчитать место, занимаое на диске содержимым заданного каталога, нажмите 3
Чтобы найти в базе файлы по заданной маске с выдачей полного пути, нажмите 4
Чтобы удалить файлы и каталоги заданного каталога, нажмите 5
Чтобы переместить файлы и каталоги из одного в другой, нажмите 6
Для выхода нажмите 0
20:18:12.056 [main] ERROR com.epam.filesystem.Main - Синтаксическая ошибка в выражении SQL "CREATE TABLE CATALOGUE (
    ID INT,
    PARENTCATALOGUEID INT,
    NAME VARCHAR(255),
)[*][*];"; ожидалось "identifier"
Syntax error in SQL statement "CREATE TABLE CATALOGUE (
    ID INT,
    PARENTCATALOGUEID INT,
    NAME VARCHAR(255),
)[*][*];"; expected "identifier"; SQL statement:
CREATE TABLE Catalogue (
    ID int,
    ParentCatalogueID int,
    Name varchar(255),
)[*]; [42001-200]
20:18:12.069 [main] INFO  com.epam.filesystem.Main - Чтобы определить полный путь заданного файла, нажмите 1
Чтобы подсчитать количество файлов в заданном каталоге, включая вложенные файлы и каталоги, нажмите 2
Чтобы подсчитать место, занимаое на диске содержимым заданного каталога, нажмите 3
Чтобы найти в базе файлы по заданной маске с выдачей полного пути, нажмите 4
Чтобы удалить файлы и каталоги заданного каталога, нажмите 5
Чтобы переместить файлы и каталоги из одного в другой, нажмите 6
Для выхода нажмите 0
20:19:22.962 [main] ERROR com.epam.filesystem.Main - Неверное количество столбцов
Column count does not match; SQL statement:
INSERT INTO CATALOGUE VALUES (111, 222) [21002-200]
20:19:22.982 [main] INFO  com.epam.filesystem.Main - Чтобы определить полный путь заданного файла, нажмите 1
Чтобы подсчитать количество файлов в заданном каталоге, включая вложенные файлы и каталоги, нажмите 2
Чтобы подсчитать место, занимаое на диске содержимым заданного каталога, нажмите 3
Чтобы найти в базе файлы по заданной маске с выдачей полного пути, нажмите 4
Чтобы удалить файлы и каталоги заданного каталога, нажмите 5
Чтобы переместить файлы и каталоги из одного в другой, нажмите 6
Для выхода нажмите 0
20:20:45.214 [main] ERROR com.epam.filesystem.Main - Таблица "CATALOG" не найдена
Table "CATALOG" not found; SQL statement:
SELECT * FROM CATALOG [42102-200]
20:20:45.224 [main] INFO  com.epam.filesystem.Main - Чтобы определить полный путь заданного файла, нажмите 1
Чтобы подсчитать количество файлов в заданном каталоге, включая вложенные файлы и каталоги, нажмите 2
Чтобы подсчитать место, занимаое на диске содержимым заданного каталога, нажмите 3
Чтобы найти в базе файлы по заданной маске с выдачей полного пути, нажмите 4
Чтобы удалить файлы и каталоги заданного каталога, нажмите 5
Чтобы переместить файлы и каталоги из одного в другой, нажмите 6
Для выхода нажмите 0
20:21:30.680 [main] ERROR com.epam.filesystem.Main - Таблица "CATALOG" не найдена
Table "CATALOG" not found; SQL statement:
SELECT * FROM CATALOG [42102-200]
20:21:30.690 [main] INFO  com.epam.filesystem.Main - Чтобы определить полный путь заданного файла, нажмите 1
Чтобы подсчитать количество файлов в заданном каталоге, включая вложенные файлы и каталоги, нажмите 2
Чтобы подсчитать место, занимаое на диске содержимым заданного каталога, нажмите 3
Чтобы найти в базе файлы по заданной маске с выдачей полного пути, нажмите 4
Чтобы удалить файлы и каталоги заданного каталога, нажмите 5
Чтобы переместить файлы и каталоги из одного в другой, нажмите 6
Для выхода нажмите 0
20:22:06.407 [main] INFO  com.epam.filesystem.Main - Чтобы определить полный путь заданного файла, нажмите 1
Чтобы подсчитать количество файлов в заданном каталоге, включая вложенные файлы и каталоги, нажмите 2
Чтобы подсчитать место, занимаое на диске содержимым заданного каталога, нажмите 3
Чтобы найти в базе файлы по заданной маске с выдачей полного пути, нажмите 4
Чтобы удалить файлы и каталоги заданного каталога, нажмите 5
Чтобы переместить файлы и каталоги из одного в другой, нажмите 6
Для выхода нажмите 0
20:22:13.727 [main] INFO  com.epam.filesystem.Main - Введите имя файла
20:22:56.897 [main] INFO  com.epam.filesystem.Main - Чтобы определить полный путь заданного файла, нажмите 1
Чтобы подсчитать количество файлов в заданном каталоге, включая вложенные файлы и каталоги, нажмите 2
Чтобы подсчитать место, занимаое на диске содержимым заданного каталога, нажмите 3
Чтобы найти в базе файлы по заданной маске с выдачей полного пути, нажмите 4
Чтобы удалить файлы и каталоги заданного каталога, нажмите 5
Чтобы переместить файлы и каталоги из одного в другой, нажмите 6
Для выхода нажмите 0
20:22:59.090 [main] INFO  com.epam.filesystem.Main - Введите имя файла
20:26:55.058 [main] INFO  com.epam.filesystem.Main - Чтобы определить полный путь заданного файла, нажмите 1
Чтобы подсчитать количество файлов в заданном каталоге, включая вложенные файлы и каталоги, нажмите 2
Чтобы подсчитать место, занимаое на диске содержимым заданного каталога, нажмите 3
Чтобы найти в базе файлы по заданной маске с выдачей полного пути, нажмите 4
Чтобы удалить файлы и каталоги заданного каталога, нажмите 5
Чтобы переместить файлы и каталоги из одного в другой, нажмите 6
Для выхода нажмите 0
20:26:59.932 [main] INFO  com.epam.filesystem.Main - Введите имя файла
20:27:25.142 [main] INFO  com.epam.filesystem.Main - Введите имя файла
20:27:44.615 [main] INFO  com.epam.filesystem.Main - Connection is closed. Bye!
20:44:52.449 [main] ERROR com.epam.filesystem.Main - Синтаксическая ошибка в выражении SQL "CREATE TABLE CATALOGUE (
    ID INT,
    PARENTCATALOGUEID INT,
    NAME VARCHAR(255),
)[*];"; ожидалось "identifier"
Syntax error in SQL statement "CREATE TABLE CATALOGUE (
    ID INT,
    PARENTCATALOGUEID INT,
    NAME VARCHAR(255),
)[*];"; expected "identifier"; SQL statement:
CREATE TABLE Catalogue (
    ID int,
    ParentCatalogueID int,
    Name varchar(255),
); [42001-200]
20:44:52.465 [main] INFO  com.epam.filesystem.Main - Чтобы определить полный путь заданного файла, нажмите 1
Чтобы подсчитать количество файлов в заданном каталоге, включая вложенные файлы и каталоги, нажмите 2
Чтобы подсчитать место, занимаое на диске содержимым заданного каталога, нажмите 3
Чтобы найти в базе файлы по заданной маске с выдачей полного пути, нажмите 4
Чтобы удалить файлы и каталоги заданного каталога, нажмите 5
Чтобы переместить файлы и каталоги из одного в другой, нажмите 6
Для выхода нажмите 0
20:45:32.988 [main] INFO  com.epam.filesystem.Main - Чтобы определить полный путь заданного файла, нажмите 1
Чтобы подсчитать количество файлов в заданном каталоге, включая вложенные файлы и каталоги, нажмите 2
Чтобы подсчитать место, занимаое на диске содержимым заданного каталога, нажмите 3
Чтобы найти в базе файлы по заданной маске с выдачей полного пути, нажмите 4
Чтобы удалить файлы и каталоги заданного каталога, нажмите 5
Чтобы переместить файлы и каталоги из одного в другой, нажмите 6
Для выхода нажмите 0
20:49:39.957 [main] INFO  com.epam.filesystem.Main - Введите имя файла
20:49:45.867 [main] INFO  com.epam.filesystem.Main - Введите имя файла
20:50:02.579 [main] INFO  com.epam.filesystem.Main - Connection is closed. Bye!
12:51:26.255 [main] INFO  com.epam.filesystem.Main - Чтобы определить полный путь заданного файла, нажмите 1
Чтобы подсчитать количество файлов в заданном каталоге, включая вложенные файлы и каталоги, нажмите 2
Чтобы подсчитать место, занимаое на диске содержимым заданного каталога, нажмите 3
Чтобы найти в базе файлы по заданной маске с выдачей полного пути, нажмите 4
Чтобы удалить файлы и каталоги заданного каталога, нажмите 5
Чтобы переместить файлы и каталоги из одного в другой, нажмите 6
Для выхода нажмите 0
12:51:52.482 [main] INFO  com.epam.filesystem.Main - Введите имя файла
12:51:57.637 [main] INFO  com.epam.filesystem.Main - Введите имя файла
12:52:01.165 [main] INFO  com.epam.filesystem.Main - Введите имя файла
12:52:08.484 [main] INFO  com.epam.filesystem.Main - Введите имя файла
12:52:14.187 [main] INFO  com.epam.filesystem.Main - Connection is closed. Bye!
12:53:38.053 [main] INFO  com.epam.filesystem.Main - Чтобы определить полный путь заданного файла, нажмите 1
Чтобы подсчитать количество файлов в заданном каталоге, включая вложенные файлы и каталоги, нажмите 2
Чтобы подсчитать место, занимаое на диске содержимым заданного каталога, нажмите 3
Чтобы найти в базе файлы по заданной маске с выдачей полного пути, нажмите 4
Чтобы удалить файлы и каталоги заданного каталога, нажмите 5
Чтобы переместить файлы и каталоги из одного в другой, нажмите 6
Для выхода нажмите 0
13:12:41.642 [main] INFO  com.epam.filesystem.Main - Чтобы определить полный путь заданного файла, нажмите 1
Чтобы подсчитать количество файлов в заданном каталоге, включая вложенные файлы и каталоги, нажмите 2
Чтобы подсчитать место, занимаое на диске содержимым заданного каталога, нажмите 3
Чтобы найти в базе файлы по заданной маске с выдачей полного пути, нажмите 4
Чтобы удалить файлы и каталоги заданного каталога, нажмите 5
Чтобы переместить файлы и каталоги из одного в другой, нажмите 6
Для выхода нажмите 0
13:12:44.192 [main] INFO  com.epam.filesystem.Main - Введите имя файла
13:51:37.901 [main] INFO  com.epam.filesystem.Main - Чтобы определить полный путь заданного файла, нажмите 1
Чтобы подсчитать количество файлов в заданном каталоге, включая вложенные файлы и каталоги, нажмите 2
Чтобы подсчитать место, занимаое на диске содержимым заданного каталога, нажмите 3
Чтобы найти в базе файлы по заданной маске с выдачей полного пути, нажмите 4
Чтобы удалить файлы и каталоги заданного каталога, нажмите 5
Чтобы переместить файлы и каталоги из одного в другой, нажмите 6
Для выхода нажмите 0
13:51:41.938 [main] INFO  com.epam.filesystem.Main - Введите имя файла
13:52:03.319 [main] INFO  com.epam.filesystem.Main - Введите имя файла
13:52:28.339 [main] INFO  com.epam.filesystem.Main - Чтобы определить полный путь заданного файла, нажмите 1
Чтобы подсчитать количество файлов в заданном каталоге, включая вложенные файлы и каталоги, нажмите 2
Чтобы подсчитать место, занимаое на диске содержимым заданного каталога, нажмите 3
Чтобы найти в базе файлы по заданной маске с выдачей полного пути, нажмите 4
Чтобы удалить файлы и каталоги заданного каталога, нажмите 5
Чтобы переместить файлы и каталоги из одного в другой, нажмите 6
Для выхода нажмите 0
13:54:41.377 [main] INFO  com.epam.filesystem.Main - Введите имя файла
14:34:00.755 [main] INFO  com.epam.filesystem.Main - Чтобы определить полный путь заданного файла, нажмите 1
Чтобы подсчитать количество файлов в заданном каталоге, включая вложенные файлы и каталоги, нажмите 2
Чтобы подсчитать место, занимаое на диске содержимым заданного каталога, нажмите 3
Чтобы найти в базе файлы по заданной маске с выдачей полного пути, нажмите 4
Чтобы удалить файлы и каталоги заданного каталога, нажмите 5
Чтобы переместить файлы и каталоги из одного в другой, нажмите 6
Для выхода нажмите 0
14:34:02.905 [main] INFO  com.epam.filesystem.Main - Введите имя файла
14:35:57.409 [main] INFO  com.epam.filesystem.Main - Чтобы определить полный путь заданного файла, нажмите 1
Чтобы подсчитать количество файлов в заданном каталоге, включая вложенные файлы и каталоги, нажмите 2
Чтобы подсчитать место, занимаое на диске содержимым заданного каталога, нажмите 3
Чтобы найти в базе файлы по заданной маске с выдачей полного пути, нажмите 4
Чтобы удалить файлы и каталоги заданного каталога, нажмите 5
Чтобы переместить файлы и каталоги из одного в другой, нажмите 6
Для выхода нажмите 0
14:36:41.858 [main] INFO  com.epam.filesystem.Main - Чтобы определить полный путь заданного файла, нажмите 1
Чтобы подсчитать количество файлов в заданном каталоге, включая вложенные файлы и каталоги, нажмите 2
Чтобы подсчитать место, занимаое на диске содержимым заданного каталога, нажмите 3
Чтобы найти в базе файлы по заданной маске с выдачей полного пути, нажмите 4
Чтобы удалить файлы и каталоги заданного каталога, нажмите 5
Чтобы переместить файлы и каталоги из одного в другой, нажмите 6
Для выхода нажмите 0
14:36:51.107 [main] INFO  com.epam.filesystem.Main - Введите имя файла
14:36:55.127 [main] INFO  com.epam.filesystem.Main - Введите имя файла
15:40:48.592 [main] INFO  com.epam.filesystem.Main - Чтобы определить полный путь заданного файла, нажмите 1
Чтобы подсчитать количество файлов в заданном каталоге, включая вложенные файлы и каталоги, нажмите 2
Чтобы подсчитать место, занимаое на диске содержимым заданного каталога, нажмите 3
Чтобы найти в базе файлы по заданной маске с выдачей полного пути, нажмите 4
Чтобы удалить файлы и каталоги заданного каталога, нажмите 5
Чтобы переместить файлы и каталоги из одного в другой, нажмите 6
Для выхода нажмите 0
15:40:54.159 [main] INFO  com.epam.filesystem.Main - Введите имя каталога
15:41:39.881 [main] INFO  com.epam.filesystem.Main - Чтобы определить полный путь заданного файла, нажмите 1
Чтобы подсчитать количество файлов в заданном каталоге, включая вложенные файлы и каталоги, нажмите 2
Чтобы подсчитать место, занимаое на диске содержимым заданного каталога, нажмите 3
Чтобы найти в базе файлы по заданной маске с выдачей полного пути, нажмите 4
Чтобы удалить файлы и каталоги заданного каталога, нажмите 5
Чтобы переместить файлы и каталоги из одного в другой, нажмите 6
Для выхода нажмите 0
15:41:42.254 [main] INFO  com.epam.filesystem.Main - Введите имя каталога
16:35:52.064 [main] INFO  com.epam.filesystem.Main - Чтобы определить полный путь заданного файла, нажмите 1
Чтобы подсчитать количество файлов в заданном каталоге, включая вложенные файлы и каталоги, нажмите 2
Чтобы подсчитать место, занимаое на диске содержимым заданного каталога, нажмите 3
Чтобы найти в базе файлы по заданной маске с выдачей полного пути, нажмите 4
Чтобы удалить файлы и каталоги заданного каталога, нажмите 5
Чтобы переместить файлы и каталоги из одного в другой, нажмите 6
Для выхода нажмите 0
16:38:12.184 [main] INFO  com.epam.filesystem.Main - Чтобы определить полный путь заданного файла, нажмите 1
Чтобы подсчитать количество файлов в заданном каталоге, включая вложенные файлы и каталоги, нажмите 2
Чтобы подсчитать место, занимаое на диске содержимым заданного каталога, нажмите 3
Чтобы найти в базе файлы по заданной маске с выдачей полного пути, нажмите 4
Чтобы удалить файлы и каталоги заданного каталога, нажмите 5
Чтобы переместить файлы и каталоги из одного в другой, нажмите 6
Для выхода нажмите 0
16:42:01.429 [main] INFO  com.epam.filesystem.Main - Чтобы определить полный путь заданного файла, нажмите 1
Чтобы подсчитать количество файлов в заданном каталоге, включая вложенные файлы и каталоги, нажмите 2
Чтобы подсчитать место, занимаое на диске содержимым заданного каталога, нажмите 3
Чтобы найти в базе файлы по заданной маске с выдачей полного пути, нажмите 4
Чтобы удалить файлы и каталоги заданного каталога, нажмите 5
Чтобы переместить файлы и каталоги из одного в другой, нажмите 6
Для выхода нажмите 0
16:42:46.385 [main] INFO  com.epam.filesystem.Main - Чтобы определить полный путь заданного файла, нажмите 1
Чтобы подсчитать количество файлов в заданном каталоге, включая вложенные файлы и каталоги, нажмите 2
Чтобы подсчитать место, занимаое на диске содержимым заданного каталога, нажмите 3
Чтобы найти в базе файлы по заданной маске с выдачей полного пути, нажмите 4
Чтобы удалить файлы и каталоги заданного каталога, нажмите 5
Чтобы переместить файлы и каталоги из одного в другой, нажмите 6
Для выхода нажмите 0
16:44:30.275 [main] INFO  com.epam.filesystem.Main - Чтобы определить полный путь заданного файла, нажмите 1
Чтобы подсчитать количество файлов в заданном каталоге, включая вложенные файлы и каталоги, нажмите 2
Чтобы подсчитать место, занимаое на диске содержимым заданного каталога, нажмите 3
Чтобы найти в базе файлы по заданной маске с выдачей полного пути, нажмите 4
Чтобы удалить файлы и каталоги заданного каталога, нажмите 5
Чтобы переместить файлы и каталоги из одного в другой, нажмите 6
Для выхода нажмите 0
17:08:47.880 [main] INFO  com.epam.filesystem.Main - Чтобы определить полный путь заданного файла, нажмите 1
Чтобы подсчитать количество файлов в заданном каталоге, включая вложенные файлы и каталоги, нажмите 2
Чтобы подсчитать место, занимаое на диске содержимым заданного каталога, нажмите 3
Чтобы найти в базе файлы по заданной маске с выдачей полного пути, нажмите 4
Чтобы удалить файлы и каталоги заданного каталога, нажмите 5
Чтобы переместить файлы и каталоги из одного в другой, нажмите 6
Для выхода нажмите 0
17:55:44.911 [main] INFO  com.epam.filesystem.Main - Чтобы определить полный путь заданного файла, нажмите 1
Чтобы подсчитать количество файлов в заданном каталоге, включая вложенные файлы и каталоги, нажмите 2
Чтобы подсчитать место, занимаое на диске содержимым заданного каталога, нажмите 3
Чтобы найти в базе файлы по заданной маске с выдачей полного пути, нажмите 4
Чтобы удалить файлы и каталоги заданного каталога, нажмите 5
Чтобы переместить файлы и каталоги из одного в другой, нажмите 6
Для выхода нажмите 0
17:55:55.280 [main] INFO  com.epam.filesystem.Main - Введите имя каталога
17:56:48.299 [main] INFO  com.epam.filesystem.Main - Чтобы определить полный путь заданного файла, нажмите 1
Чтобы подсчитать количество файлов в заданном каталоге, включая вложенные файлы и каталоги, нажмите 2
Чтобы подсчитать место, занимаое на диске содержимым заданного каталога, нажмите 3
Чтобы найти в базе файлы по заданной маске с выдачей полного пути, нажмите 4
Чтобы удалить файлы и каталоги заданного каталога, нажмите 5
Чтобы переместить файлы и каталоги из одного в другой, нажмите 6
Для выхода нажмите 0
17:58:05.092 [main] INFO  com.epam.filesystem.Main - Введите имя каталога
18:03:03.678 [main] INFO  com.epam.filesystem.Main - Чтобы определить полный путь заданного файла, нажмите 1
Чтобы подсчитать количество файлов в заданном каталоге, включая вложенные файлы и каталоги, нажмите 2
Чтобы подсчитать место, занимаое на диске содержимым заданного каталога, нажмите 3
Чтобы найти в базе файлы по заданной маске с выдачей полного пути, нажмите 4
Чтобы удалить файлы и каталоги заданного каталога, нажмите 5
Чтобы переместить файлы и каталоги из одного в другой, нажмите 6
Для выхода нажмите 0
18:03:05.986 [main] INFO  com.epam.filesystem.Main - Введите имя каталога
18:04:44.037 [main] INFO  com.epam.filesystem.Main - Чтобы определить полный путь заданного файла, нажмите 1
Чтобы подсчитать количество файлов в заданном каталоге, включая вложенные файлы и каталоги, нажмите 2
Чтобы подсчитать место, занимаое на диске содержимым заданного каталога, нажмите 3
Чтобы найти в базе файлы по заданной маске с выдачей полного пути, нажмите 4
Чтобы удалить файлы и каталоги заданного каталога, нажмите 5
Чтобы переместить файлы и каталоги из одного в другой, нажмите 6
Для выхода нажмите 0
18:04:49.332 [main] INFO  com.epam.filesystem.Main - Введите имя каталога
18:05:43.159 [main] INFO  com.epam.filesystem.Main - Чтобы определить полный путь заданного файла, нажмите 1
Чтобы подсчитать количество файлов в заданном каталоге, включая вложенные файлы и каталоги, нажмите 2
Чтобы подсчитать место, занимаое на диске содержимым заданного каталога, нажмите 3
Чтобы найти в базе файлы по заданной маске с выдачей полного пути, нажмите 4
Чтобы удалить файлы и каталоги заданного каталога, нажмите 5
Чтобы переместить файлы и каталоги из одного в другой, нажмите 6
Для выхода нажмите 0
18:06:06.153 [main] INFO  com.epam.filesystem.Main - Введите имя каталога
18:06:53.747 [main] INFO  com.epam.filesystem.Main - Чтобы определить полный путь заданного файла, нажмите 1
Чтобы подсчитать количество файлов в заданном каталоге, включая вложенные файлы и каталоги, нажмите 2
Чтобы подсчитать место, занимаое на диске содержимым заданного каталога, нажмите 3
Чтобы найти в базе файлы по заданной маске с выдачей полного пути, нажмите 4
Чтобы удалить файлы и каталоги заданного каталога, нажмите 5
Чтобы переместить файлы и каталоги из одного в другой, нажмите 6
Для выхода нажмите 0
18:06:58.540 [main] INFO  com.epam.filesystem.Main - Введите имя каталога
18:17:05.985 [main] INFO  com.epam.filesystem.Main - Чтобы определить полный путь заданного файла, нажмите 1
Чтобы подсчитать количество файлов в заданном каталоге, включая вложенные файлы и каталоги, нажмите 2
Чтобы подсчитать место, занимаое на диске содержимым заданного каталога, нажмите 3
Чтобы найти в базе файлы по заданной маске с выдачей полного пути, нажмите 4
Чтобы удалить файлы и каталоги заданного каталога, нажмите 5
Чтобы переместить файлы и каталоги из одного в другой, нажмите 6
Для выхода нажмите 0
18:18:23.978 [main] INFO  com.epam.filesystem.Main - Введите имя каталога
18:20:22.993 [main] INFO  com.epam.filesystem.Main - Чтобы определить полный путь заданного файла, нажмите 1
Чтобы подсчитать количество файлов в заданном каталоге, включая вложенные файлы и каталоги, нажмите 2
Чтобы подсчитать место, занимаое на диске содержимым заданного каталога, нажмите 3
Чтобы найти в базе файлы по заданной маске с выдачей полного пути, нажмите 4
Чтобы удалить файлы и каталоги заданного каталога, нажмите 5
Чтобы переместить файлы и каталоги из одного в другой, нажмите 6
Для выхода нажмите 0
18:20:24.713 [main] INFO  com.epam.filesystem.Main - Введите имя каталога
18:24:20.529 [main] INFO  com.epam.filesystem.Main - Чтобы определить полный путь заданного файла, нажмите 1
Чтобы подсчитать количество файлов в заданном каталоге, включая вложенные файлы и каталоги, нажмите 2
Чтобы подсчитать место, занимаое на диске содержимым заданного каталога, нажмите 3
Чтобы найти в базе файлы по заданной маске с выдачей полного пути, нажмите 4
Чтобы удалить файлы и каталоги заданного каталога, нажмите 5
Чтобы переместить файлы и каталоги из одного в другой, нажмите 6
Для выхода нажмите 0
18:24:22.161 [main] INFO  com.epam.filesystem.Main - Введите имя каталога
18:26:14.652 [main] INFO  com.epam.filesystem.Main - Чтобы определить полный путь заданного файла, нажмите 1
Чтобы подсчитать количество файлов в заданном каталоге, включая вложенные файлы и каталоги, нажмите 2
Чтобы подсчитать место, занимаое на диске содержимым заданного каталога, нажмите 3
Чтобы найти в базе файлы по заданной маске с выдачей полного пути, нажмите 4
Чтобы удалить файлы и каталоги заданного каталога, нажмите 5
Чтобы переместить файлы и каталоги из одного в другой, нажмите 6
Для выхода нажмите 0
18:26:17.146 [main] INFO  com.epam.filesystem.Main - Введите имя каталога
18:28:44.685 [main] INFO  com.epam.filesystem.Main - Чтобы определить полный путь заданного файла, нажмите 1
Чтобы подсчитать количество файлов в заданном каталоге, включая вложенные файлы и каталоги, нажмите 2
Чтобы подсчитать место, занимаое на диске содержимым заданного каталога, нажмите 3
Чтобы найти в базе файлы по заданной маске с выдачей полного пути, нажмите 4
Чтобы удалить файлы и каталоги заданного каталога, нажмите 5
Чтобы переместить файлы и каталоги из одного в другой, нажмите 6
Для выхода нажмите 0
18:28:47.395 [main] INFO  com.epam.filesystem.Main - Введите имя каталога
18:32:48.108 [main] INFO  com.epam.filesystem.Main - Чтобы определить полный путь заданного файла, нажмите 1
Чтобы подсчитать количество файлов в заданном каталоге, включая вложенные файлы и каталоги, нажмите 2
Чтобы подсчитать место, занимаое на диске содержимым заданного каталога, нажмите 3
Чтобы найти в базе файлы по заданной маске с выдачей полного пути, нажмите 4
Чтобы удалить файлы и каталоги заданного каталога, нажмите 5
Чтобы переместить файлы и каталоги из одного в другой, нажмите 6
Для выхода нажмите 0
18:32:50.016 [main] INFO  com.epam.filesystem.Main - Введите имя каталога
18:33:40.653 [main] INFO  com.epam.filesystem.Main - Чтобы определить полный путь заданного файла, нажмите 1
Чтобы подсчитать количество файлов в заданном каталоге, включая вложенные файлы и каталоги, нажмите 2
Чтобы подсчитать место, занимаое на диске содержимым заданного каталога, нажмите 3
Чтобы найти в базе файлы по заданной маске с выдачей полного пути, нажмите 4
Чтобы удалить файлы и каталоги заданного каталога, нажмите 5
Чтобы переместить файлы и каталоги из одного в другой, нажмите 6
Для выхода нажмите 0
18:33:42.574 [main] INFO  com.epam.filesystem.Main - Введите имя каталога
18:35:20.151 [main] INFO  com.epam.filesystem.Main - Чтобы определить полный путь заданного файла, нажмите 1
Чтобы подсчитать количество файлов в заданном каталоге, включая вложенные файлы и каталоги, нажмите 2
Чтобы подсчитать место, занимаое на диске содержимым заданного каталога, нажмите 3
Чтобы найти в базе файлы по заданной маске с выдачей полного пути, нажмите 4
Чтобы удалить файлы и каталоги заданного каталога, нажмите 5
Чтобы переместить файлы и каталоги из одного в другой, нажмите 6
Для выхода нажмите 0
18:35:21.914 [main] INFO  com.epam.filesystem.Main - Введите имя каталога
18:40:58.285 [main] INFO  com.epam.filesystem.Main - Чтобы определить полный путь заданного файла, нажмите 1
Чтобы подсчитать количество файлов в заданном каталоге, включая вложенные файлы и каталоги, нажмите 2
Чтобы подсчитать место, занимаое на диске содержимым заданного каталога, нажмите 3
Чтобы найти в базе файлы по заданной маске с выдачей полного пути, нажмите 4
Чтобы удалить файлы и каталоги заданного каталога, нажмите 5
Чтобы переместить файлы и каталоги из одного в другой, нажмите 6
Для выхода нажмите 0
18:41:01.908 [main] INFO  com.epam.filesystem.Main - Введите имя каталога
18:43:54.914 [main] INFO  com.epam.filesystem.Main - Чтобы определить полный путь заданного файла, нажмите 1
Чтобы подсчитать количество файлов в заданном каталоге, включая вложенные файлы и каталоги, нажмите 2
Чтобы подсчитать место, занимаемое на диске содержимым заданного каталога, нажмите 3
Чтобы найти в базе файлы по заданной маске с выдачей полного пути, нажмите 4
Чтобы удалить файлы и каталоги заданного каталога, нажмите 5
Чтобы переместить файлы и каталоги из одного в другой, нажмите 6
Для выхода нажмите 0
18:43:57.308 [main] INFO  com.epam.filesystem.Main - Введите имя каталога
18:44:50.910 [main] INFO  com.epam.filesystem.Main - Чтобы определить полный путь заданного файла, нажмите 1
Чтобы подсчитать количество файлов в заданном каталоге, включая вложенные файлы и каталоги, нажмите 2
Чтобы подсчитать место, занимаемое на диске содержимым заданного каталога, нажмите 3
Чтобы найти в базе файлы по заданной маске с выдачей полного пути, нажмите 4
Чтобы удалить файлы и каталоги заданного каталога, нажмите 5
Чтобы переместить файлы и каталоги из одного в другой, нажмите 6
Для выхода нажмите 0
18:45:02.221 [main] INFO  com.epam.filesystem.Main - Введите имя каталога
18:47:14.719 [main] INFO  com.epam.filesystem.Main - Чтобы определить полный путь заданного файла, нажмите 1
Чтобы подсчитать количество файлов в заданном каталоге, включая вложенные файлы и каталоги, нажмите 2
Чтобы подсчитать место, занимаемое на диске содержимым заданного каталога, нажмите 3
Чтобы найти в базе файлы по заданной маске с выдачей полного пути, нажмите 4
Чтобы удалить файлы и каталоги заданного каталога, нажмите 5
Чтобы переместить файлы и каталоги из одного в другой, нажмите 6
Для выхода нажмите 0
18:47:17.787 [main] INFO  com.epam.filesystem.Main - Введите имя каталога
18:47:20.855 [main] INFO  com.epam.filesystem.Main - Введите имя каталога
18:50:41.512 [main] INFO  com.epam.filesystem.Main - Чтобы определить полный путь заданного файла, нажмите 1
Чтобы подсчитать количество файлов в заданном каталоге, включая вложенные файлы и каталоги, нажмите 2
Чтобы подсчитать место, занимаемое на диске содержимым заданного каталога, нажмите 3
Чтобы найти в базе файлы по заданной маске с выдачей полного пути, нажмите 4
Чтобы удалить файлы и каталоги заданного каталога, нажмите 5
Чтобы переместить файлы и каталоги из одного в другой, нажмите 6
Для выхода нажмите 0
18:50:49.110 [main] INFO  com.epam.filesystem.Main - Введите имя каталога
18:51:40.160 [main] INFO  com.epam.filesystem.Main - Чтобы определить полный путь заданного файла, нажмите 1
Чтобы подсчитать количество файлов в заданном каталоге, включая вложенные файлы и каталоги, нажмите 2
Чтобы подсчитать место, занимаемое на диске содержимым заданного каталога, нажмите 3
Чтобы найти в базе файлы по заданной маске с выдачей полного пути, нажмите 4
Чтобы удалить файлы и каталоги заданного каталога, нажмите 5
Чтобы переместить файлы и каталоги из одного в другой, нажмите 6
Для выхода нажмите 0
18:51:44.519 [main] INFO  com.epam.filesystem.Main - Введите имя каталога
18:51:52.181 [main] INFO  com.epam.filesystem.Main - Введите имя каталога
18:53:56.183 [main] INFO  com.epam.filesystem.Main - Чтобы определить полный путь заданного файла, нажмите 1
Чтобы подсчитать количество файлов в заданном каталоге, включая вложенные файлы и каталоги, нажмите 2
Чтобы подсчитать место, занимаемое на диске содержимым заданного каталога, нажмите 3
Чтобы найти в базе файлы по заданной маске с выдачей полного пути, нажмите 4
Чтобы удалить файлы и каталоги заданного каталога, нажмите 5
Чтобы переместить файлы и каталоги из одного в другой, нажмите 6
Для выхода нажмите 0
18:54:00.477 [main] INFO  com.epam.filesystem.Main - Введите имя каталога
18:55:04.142 [main] INFO  com.epam.filesystem.Main - Чтобы определить полный путь заданного файла, нажмите 1
Чтобы подсчитать количество файлов в заданном каталоге, включая вложенные файлы и каталоги, нажмите 2
Чтобы подсчитать место, занимаемое на диске содержимым заданного каталога, нажмите 3
Чтобы найти в базе файлы по заданной маске с выдачей полного пути, нажмите 4
Чтобы удалить файлы и каталоги заданного каталога, нажмите 5
Чтобы переместить файлы и каталоги из одного в другой, нажмите 6
Для выхода нажмите 0
18:55:06.520 [main] INFO  com.epam.filesystem.Main - Введите имя каталога
18:56:06.268 [main] INFO  com.epam.filesystem.Main - Чтобы определить полный путь заданного файла, нажмите 1
Чтобы подсчитать количество файлов в заданном каталоге, включая вложенные файлы и каталоги, нажмите 2
Чтобы подсчитать место, занимаемое на диске содержимым заданного каталога, нажмите 3
Чтобы найти в базе файлы по заданной маске с выдачей полного пути, нажмите 4
Чтобы удалить файлы и каталоги заданного каталога, нажмите 5
Чтобы переместить файлы и каталоги из одного в другой, нажмите 6
Для выхода нажмите 0
18:56:08.000 [main] INFO  com.epam.filesystem.Main - Введите имя каталога
19:03:56.584 [main] INFO  com.epam.filesystem.Main - Чтобы определить полный путь заданного файла, нажмите 1
Чтобы подсчитать количество файлов в заданном каталоге, включая вложенные файлы и каталоги, нажмите 2
Чтобы подсчитать место, занимаемое на диске содержимым заданного каталога, нажмите 3
Чтобы найти в базе файлы по заданной маске с выдачей полного пути, нажмите 4
Чтобы удалить файлы и каталоги заданного каталога, нажмите 5
Чтобы переместить файлы и каталоги из одного в другой, нажмите 6
Для выхода нажмите 0
19:04:00.478 [main] INFO  com.epam.filesystem.Main - Введите имя каталога
19:05:34.543 [main] INFO  com.epam.filesystem.Main - Чтобы определить полный путь заданного файла, нажмите 1
Чтобы подсчитать количество файлов в заданном каталоге, включая вложенные файлы и каталоги, нажмите 2
Чтобы подсчитать место, занимаемое на диске содержимым заданного каталога, нажмите 3
Чтобы найти в базе файлы по заданной маске с выдачей полного пути, нажмите 4
Чтобы удалить файлы и каталоги заданного каталога, нажмите 5
Чтобы переместить файлы и каталоги из одного в другой, нажмите 6
Для выхода нажмите 0
19:05:36.416 [main] INFO  com.epam.filesystem.Main - Введите имя каталога
19:14:52.878 [main] INFO  com.epam.filesystem.Main - Чтобы определить полный путь заданного файла, нажмите 1
Чтобы подсчитать количество файлов в заданном каталоге, включая вложенные файлы и каталоги, нажмите 2
Чтобы подсчитать место, занимаемое на диске содержимым заданного каталога, нажмите 3
Чтобы найти в базе файлы по заданной маске с выдачей полного пути, нажмите 4
Чтобы удалить файлы и каталоги заданного каталога, нажмите 5
Чтобы переместить файлы и каталоги из одного в другой, нажмите 6
Для выхода нажмите 0
19:14:55.750 [main] INFO  com.epam.filesystem.Main - Введите имя каталога
19:15:11.162 [main] INFO  com.epam.filesystem.Main - Введите имя файла
19:15:16.666 [main] INFO  com.epam.filesystem.Main - Введите имя каталога
19:15:36.048 [main] INFO  com.epam.filesystem.Main - Чтобы определить полный путь заданного файла, нажмите 1
Чтобы подсчитать количество файлов в заданном каталоге, включая вложенные файлы и каталоги, нажмите 2
Чтобы подсчитать место, занимаемое на диске содержимым заданного каталога, нажмите 3
Чтобы найти в базе файлы по заданной маске с выдачей полного пути, нажмите 4
Чтобы удалить файлы и каталоги заданного каталога, нажмите 5
Чтобы переместить файлы и каталоги из одного в другой, нажмите 6
Для выхода нажмите 0
19:15:38.546 [main] INFO  com.epam.filesystem.Main - Введите имя каталога
12:36:39.206 [main] INFO  com.epam.filesystem.Main - Чтобы определить полный путь заданного файла, нажмите 1
Чтобы подсчитать количество файлов в заданном каталоге, включая вложенные файлы и каталоги, нажмите 2
Чтобы подсчитать место, занимаемое на диске содержимым заданного каталога, нажмите 3
Чтобы найти в базе файлы по заданной маске с выдачей полного пути, нажмите 4
Чтобы удалить файлы и каталоги заданного каталога, нажмите 5
Чтобы переместить файлы и каталоги из одного в другой, нажмите 6
Для выхода нажмите 0
12:36:42.952 [main] INFO  com.epam.filesystem.Main - Введите имя файла
13:27:16.084 [main] INFO  com.epam.filesystem.Main - Чтобы определить полный путь заданного файла, нажмите 1
Чтобы подсчитать количество файлов в заданном каталоге, включая вложенные файлы и каталоги, нажмите 2
Чтобы подсчитать место, занимаемое на диске содержимым заданного каталога, нажмите 3
Чтобы найти в базе файлы по заданной маске с выдачей полного пути, нажмите 4
Чтобы удалить файлы и каталоги заданного каталога, нажмите 5
Чтобы переместить файлы и каталоги из одного в другой, нажмите 6
Для выхода нажмите 0
13:27:21.211 [main] INFO  com.epam.filesystem.Main - Введите имя файла
13:33:50.298 [main] INFO  com.epam.filesystem.Main - Чтобы определить полный путь заданного файла, нажмите 1
Чтобы подсчитать количество файлов в заданном каталоге, включая вложенные файлы и каталоги, нажмите 2
Чтобы подсчитать место, занимаемое на диске содержимым заданного каталога, нажмите 3
Чтобы найти в базе файлы по заданной маске с выдачей полного пути, нажмите 4
Чтобы удалить файлы и каталоги заданного каталога, нажмите 5
Чтобы переместить файлы и каталоги из одного в другой, нажмите 6
Для выхода нажмите 0
13:33:53.175 [main] INFO  com.epam.filesystem.Main - Введите имя файла
13:35:09.534 [main] INFO  com.epam.filesystem.Main - Чтобы определить полный путь заданного файла, нажмите 1
Чтобы подсчитать количество файлов в заданном каталоге, включая вложенные файлы и каталоги, нажмите 2
Чтобы подсчитать место, занимаемое на диске содержимым заданного каталога, нажмите 3
Чтобы найти в базе файлы по заданной маске с выдачей полного пути, нажмите 4
Чтобы удалить файлы и каталоги заданного каталога, нажмите 5
Чтобы переместить файлы и каталоги из одного в другой, нажмите 6
Для выхода нажмите 0
13:35:14.653 [main] INFO  com.epam.filesystem.Main - Введите имя файла
13:37:48.191 [main] INFO  com.epam.filesystem.Main - Чтобы определить полный путь заданного файла, нажмите 1
Чтобы подсчитать количество файлов в заданном каталоге, включая вложенные файлы и каталоги, нажмите 2
Чтобы подсчитать место, занимаемое на диске содержимым заданного каталога, нажмите 3
Чтобы найти в базе файлы по заданной маске с выдачей полного пути, нажмите 4
Чтобы удалить файлы и каталоги заданного каталога, нажмите 5
Чтобы переместить файлы и каталоги из одного в другой, нажмите 6
Для выхода нажмите 0
13:37:56.370 [main] INFO  com.epam.filesystem.Main - Введите имя файла
13:53:48.986 [main] INFO  com.epam.filesystem.Main - Чтобы определить полный путь заданного файла, нажмите 1
Чтобы подсчитать количество файлов в заданном каталоге, включая вложенные файлы и каталоги, нажмите 2
Чтобы подсчитать место, занимаемое на диске содержимым заданного каталога, нажмите 3
Чтобы найти в базе файлы по заданной маске с выдачей полного пути, нажмите 4
Чтобы удалить файлы и каталоги заданного каталога, нажмите 5
Чтобы переместить файлы и каталоги из одного в другой, нажмите 6
Для выхода нажмите 0
13:53:51.088 [main] INFO  com.epam.filesystem.Main - Введите имя файла
13:54:04.605 [main] INFO  com.epam.filesystem.Main - Введите имя файла
13:54:15.387 [main] INFO  com.epam.filesystem.Main - Введите имя файла
13:54:28.098 [main] INFO  com.epam.filesystem.Main - Введите имя файла
13:55:20.378 [main] INFO  com.epam.filesystem.Main - Введите имя файла
13:55:56.873 [main] INFO  com.epam.filesystem.Main - Чтобы определить полный путь заданного файла, нажмите 1
Чтобы подсчитать количество файлов в заданном каталоге, включая вложенные файлы и каталоги, нажмите 2
Чтобы подсчитать место, занимаемое на диске содержимым заданного каталога, нажмите 3
Чтобы найти в базе файлы по заданной маске с выдачей полного пути, нажмите 4
Чтобы удалить файлы и каталоги заданного каталога, нажмите 5
Чтобы переместить файлы и каталоги из одного в другой, нажмите 6
Для выхода нажмите 0
13:55:59.360 [main] INFO  com.epam.filesystem.Main - Введите имя файла
13:56:50.427 [main] INFO  com.epam.filesystem.Main - Чтобы определить полный путь заданного файла, нажмите 1
Чтобы подсчитать количество файлов в заданном каталоге, включая вложенные файлы и каталоги, нажмите 2
Чтобы подсчитать место, занимаемое на диске содержимым заданного каталога, нажмите 3
Чтобы найти в базе файлы по заданной маске с выдачей полного пути, нажмите 4
Чтобы удалить файлы и каталоги заданного каталога, нажмите 5
Чтобы переместить файлы и каталоги из одного в другой, нажмите 6
Для выхода нажмите 0
13:56:52.401 [main] INFO  com.epam.filesystem.Main - Введите имя файла
13:57:00.797 [main] INFO  com.epam.filesystem.Main - Введите имя файла
13:57:05.717 [main] INFO  com.epam.filesystem.Main - Введите имя файла
13:57:09.443 [main] INFO  com.epam.filesystem.Main - Введите имя файла
13:57:14.221 [main] INFO  com.epam.filesystem.Main - Введите имя файла
17:11:40.538 [main] INFO  com.epam.filesystem.Main - Чтобы определить полный путь заданного файла, нажмите 1
Чтобы подсчитать количество файлов в заданном каталоге, включая вложенные файлы и каталоги, нажмите 2
Чтобы подсчитать место, занимаемое на диске содержимым заданного каталога, нажмите 3
Чтобы найти в базе файлы по заданной маске с выдачей полного пути, нажмите 4
Чтобы удалить файлы и каталоги заданного каталога, нажмите 5
Чтобы переместить файлы и каталоги из одного в другой, нажмите 6
Для выхода нажмите 0
17:11:40.556 [main] INFO  com.epam.filesystem.Main - Введите имя первого каталога
17:11:43.608 [main] INFO  com.epam.filesystem.Main - Введите имя втрого каталога
17:12:18.761 [main] INFO  com.epam.filesystem.Main - Чтобы определить полный путь заданного файла, нажмите 1
Чтобы подсчитать количество файлов в заданном каталоге, включая вложенные файлы и каталоги, нажмите 2
Чтобы подсчитать место, занимаемое на диске содержимым заданного каталога, нажмите 3
Чтобы найти в базе файлы по заданной маске с выдачей полного пути, нажмите 4
Чтобы удалить файлы и каталоги заданного каталога, нажмите 5
Чтобы переместить файлы и каталоги из одного в другой, нажмите 6
Для выхода нажмите 0
17:12:23.629 [main] INFO  com.epam.filesystem.Main - Введите имя первого каталога
17:12:34.675 [main] INFO  com.epam.filesystem.Main - Введите имя второго каталога
17:28:13.298 [main] INFO  com.epam.filesystem.Main - Чтобы определить полный путь заданного файла, нажмите 1
Чтобы подсчитать количество файлов в заданном каталоге, включая вложенные файлы и каталоги, нажмите 2
Чтобы подсчитать место, занимаемое на диске содержимым заданного каталога, нажмите 3
Чтобы найти в базе файлы по заданной маске с выдачей полного пути, нажмите 4
Чтобы удалить файлы и каталоги заданного каталога, нажмите 5
Чтобы переместить файлы и каталоги из одного в другой, нажмите 6
Для выхода нажмите 0
17:28:17.880 [main] INFO  com.epam.filesystem.Main - Введите имя первого каталога
17:28:21.006 [main] INFO  com.epam.filesystem.Main - Введите имя второго каталога
17:30:24.535 [main] INFO  com.epam.filesystem.Main - Чтобы определить полный путь заданного файла, нажмите 1
Чтобы подсчитать количество файлов в заданном каталоге, включая вложенные файлы и каталоги, нажмите 2
Чтобы подсчитать место, занимаемое на диске содержимым заданного каталога, нажмите 3
Чтобы найти в базе файлы по заданной маске с выдачей полного пути, нажмите 4
Чтобы удалить файлы и каталоги заданного каталога, нажмите 5
Чтобы переместить файлы и каталоги из одного в другой, нажмите 6
Для выхода нажмите 0
17:30:27.647 [main] INFO  com.epam.filesystem.Main - Введите имя первого каталога
17:30:31.860 [main] INFO  com.epam.filesystem.Main - Введите имя второго каталога
17:34:08.825 [main] INFO  com.epam.filesystem.Main - Чтобы определить полный путь заданного файла, нажмите 1
Чтобы подсчитать количество файлов в заданном каталоге, включая вложенные файлы и каталоги, нажмите 2
Чтобы подсчитать место, занимаемое на диске содержимым заданного каталога, нажмите 3
Чтобы найти в базе файлы по заданной маске с выдачей полного пути, нажмите 4
Чтобы удалить файлы и каталоги заданного каталога, нажмите 5
Чтобы переместить файлы и каталоги из одного в другой, нажмите 6
Для выхода нажмите 0
17:34:10.625 [main] INFO  com.epam.filesystem.Main - Введите имя первого каталога
17:34:14.470 [main] INFO  com.epam.filesystem.Main - Введите имя второго каталога
17:36:32.243 [main] INFO  com.epam.filesystem.Main - Чтобы определить полный путь заданного файла, нажмите 1
Чтобы подсчитать количество файлов в заданном каталоге, включая вложенные файлы и каталоги, нажмите 2
Чтобы подсчитать место, занимаемое на диске содержимым заданного каталога, нажмите 3
Чтобы найти в базе файлы по заданной маске с выдачей полного пути, нажмите 4
Чтобы удалить файлы и каталоги заданного каталога, нажмите 5
Чтобы переместить файлы и каталоги из одного в другой, нажмите 6
Для выхода нажмите 0
17:36:35.038 [main] INFO  com.epam.filesystem.Main - Введите имя первого каталога
17:36:37.452 [main] INFO  com.epam.filesystem.Main - Введите имя второго каталога
17:37:08.089 [main] INFO  com.epam.filesystem.Main - Чтобы определить полный путь заданного файла, нажмите 1
Чтобы подсчитать количество файлов в заданном каталоге, включая вложенные файлы и каталоги, нажмите 2
Чтобы подсчитать место, занимаемое на диске содержимым заданного каталога, нажмите 3
Чтобы найти в базе файлы по заданной маске с выдачей полного пути, нажмите 4
Чтобы удалить файлы и каталоги заданного каталога, нажмите 5
Чтобы переместить файлы и каталоги из одного в другой, нажмите 6
Для выхода нажмите 0
17:37:09.857 [main] INFO  com.epam.filesystem.Main - Введите имя первого каталога
17:37:12.034 [main] INFO  com.epam.filesystem.Main - Введите имя второго каталога
17:39:49.418 [main] INFO  com.epam.filesystem.Main - Чтобы определить полный путь заданного файла, нажмите 1
Чтобы подсчитать количество файлов в заданном каталоге, включая вложенные файлы и каталоги, нажмите 2
Чтобы подсчитать место, занимаемое на диске содержимым заданного каталога, нажмите 3
Чтобы найти в базе файлы по заданной маске с выдачей полного пути, нажмите 4
Чтобы удалить файлы и каталоги заданного каталога, нажмите 5
Чтобы переместить файлы и каталоги из одного в другой, нажмите 6
Для выхода нажмите 0
17:39:51.220 [main] INFO  com.epam.filesystem.Main - Введите имя первого каталога
17:39:53.337 [main] INFO  com.epam.filesystem.Main - Введите имя второго каталога
17:41:25.543 [main] INFO  com.epam.filesystem.Main - Чтобы определить полный путь заданного файла, нажмите 1
Чтобы подсчитать количество файлов в заданном каталоге, включая вложенные файлы и каталоги, нажмите 2
Чтобы подсчитать место, занимаемое на диске содержимым заданного каталога, нажмите 3
Чтобы найти в базе файлы по заданной маске с выдачей полного пути, нажмите 4
Чтобы удалить файлы и каталоги заданного каталога, нажмите 5
Чтобы переместить файлы и каталоги из одного в другой, нажмите 6
Для выхода нажмите 0
17:41:29.318 [main] INFO  com.epam.filesystem.Main - Введите имя первого каталога
17:41:31.123 [main] INFO  com.epam.filesystem.Main - Введите имя второго каталога
17:42:28.529 [main] INFO  com.epam.filesystem.Main - Чтобы определить полный путь заданного файла, нажмите 1
Чтобы подсчитать количество файлов в заданном каталоге, включая вложенные файлы и каталоги, нажмите 2
Чтобы подсчитать место, занимаемое на диске содержимым заданного каталога, нажмите 3
Чтобы найти в базе файлы по заданной маске с выдачей полного пути, нажмите 4
Чтобы удалить файлы и каталоги заданного каталога, нажмите 5
Чтобы переместить файлы и каталоги из одного в другой, нажмите 6
Для выхода нажмите 0
17:42:30.335 [main] INFO  com.epam.filesystem.Main - Введите имя первого каталога
17:42:33.644 [main] INFO  com.epam.filesystem.Main - Введите имя второго каталога
17:45:22.601 [main] INFO  com.epam.filesystem.Main - Чтобы определить полный путь заданного файла, нажмите 1
Чтобы подсчитать количество файлов в заданном каталоге, включая вложенные файлы и каталоги, нажмите 2
Чтобы подсчитать место, занимаемое на диске содержимым заданного каталога, нажмите 3
Чтобы найти в базе файлы по заданной маске с выдачей полного пути, нажмите 4
Чтобы удалить файлы и каталоги заданного каталога, нажмите 5
Чтобы переместить файлы и каталоги из одного в другой, нажмите 6
Для выхода нажмите 0
17:45:26.351 [main] INFO  com.epam.filesystem.Main - Введите имя первого каталога
17:45:29.132 [main] INFO  com.epam.filesystem.Main - Введите имя второго каталога
17:55:06.027 [main] INFO  com.epam.filesystem.Main - Чтобы определить полный путь заданного файла, нажмите 1
Чтобы подсчитать количество файлов в заданном каталоге, включая вложенные файлы и каталоги, нажмите 2
Чтобы подсчитать место, занимаемое на диске содержимым заданного каталога, нажмите 3
Чтобы найти в базе файлы по заданной маске с выдачей полного пути, нажмите 4
Чтобы удалить файлы и каталоги заданного каталога, нажмите 5
Чтобы переместить файлы и каталоги из одного в другой, нажмите 6
Для выхода нажмите 0
17:55:09.401 [main] INFO  com.epam.filesystem.Main - Введите имя первого каталога
17:55:15.662 [main] INFO  com.epam.filesystem.Main - Введите имя второго каталога
17:57:08.283 [main] INFO  com.epam.filesystem.Main - Чтобы определить полный путь заданного файла, нажмите 1
Чтобы подсчитать количество файлов в заданном каталоге, включая вложенные файлы и каталоги, нажмите 2
Чтобы подсчитать место, занимаемое на диске содержимым заданного каталога, нажмите 3
Чтобы найти в базе файлы по заданной маске с выдачей полного пути, нажмите 4
Чтобы удалить файлы и каталоги заданного каталога, нажмите 5
Чтобы переместить файлы и каталоги из одного в другой, нажмите 6
Для выхода нажмите 0
17:57:11.694 [main] INFO  com.epam.filesystem.Main - Введите имя первого каталога
17:57:13.535 [main] INFO  com.epam.filesystem.Main - Введите имя второго каталога
17:58:11.765 [main] INFO  com.epam.filesystem.Main - Чтобы определить полный путь заданного файла, нажмите 1
Чтобы подсчитать количество файлов в заданном каталоге, включая вложенные файлы и каталоги, нажмите 2
Чтобы подсчитать место, занимаемое на диске содержимым заданного каталога, нажмите 3
Чтобы найти в базе файлы по заданной маске с выдачей полного пути, нажмите 4
Чтобы удалить файлы и каталоги заданного каталога, нажмите 5
Чтобы переместить файлы и каталоги из одного в другой, нажмите 6
Для выхода нажмите 0
17:58:13.713 [main] INFO  com.epam.filesystem.Main - Введите имя первого каталога
17:58:15.455 [main] INFO  com.epam.filesystem.Main - Введите имя второго каталога
17:59:18.762 [main] INFO  com.epam.filesystem.Main - Чтобы определить полный путь заданного файла, нажмите 1
Чтобы подсчитать количество файлов в заданном каталоге, включая вложенные файлы и каталоги, нажмите 2
Чтобы подсчитать место, занимаемое на диске содержимым заданного каталога, нажмите 3
Чтобы найти в базе файлы по заданной маске с выдачей полного пути, нажмите 4
Чтобы удалить файлы и каталоги заданного каталога, нажмите 5
Чтобы переместить файлы и каталоги из одного в другой, нажмите 6
Для выхода нажмите 0
17:59:20.560 [main] INFO  com.epam.filesystem.Main - Введите имя первого каталога
17:59:24.053 [main] INFO  com.epam.filesystem.Main - Введите имя второго каталога
18:01:35.062 [main] INFO  com.epam.filesystem.Main - Чтобы определить полный путь заданного файла, нажмите 1
Чтобы подсчитать количество файлов в заданном каталоге, включая вложенные файлы и каталоги, нажмите 2
Чтобы подсчитать место, занимаемое на диске содержимым заданного каталога, нажмите 3
Чтобы найти в базе файлы по заданной маске с выдачей полного пути, нажмите 4
Чтобы удалить файлы и каталоги заданного каталога, нажмите 5
Чтобы переместить файлы и каталоги из одного в другой, нажмите 6
Для выхода нажмите 0
18:01:41.929 [main] INFO  com.epam.filesystem.Main - Введите имя файла
18:01:46.330 [main] INFO  com.epam.filesystem.Main - Введите имя файла
18:01:54.946 [main] INFO  com.epam.filesystem.Main - Введите имя каталога
18:02:04.074 [main] INFO  com.epam.filesystem.Main - Введите имя каталога
18:02:20.949 [main] INFO  com.epam.filesystem.Main - Введите имя каталога
18:02:34.907 [main] INFO  com.epam.filesystem.Main - Введите имя каталога
18:02:46.418 [main] INFO  com.epam.filesystem.Main - Введите имя файла
18:03:04.929 [main] INFO  com.epam.filesystem.Main - Введите имя первого каталога
18:03:07.888 [main] INFO  com.epam.filesystem.Main - Введите имя второго каталога
18:03:15.520 [main] INFO  com.epam.filesystem.Main - Введите имя первого каталога
18:03:17.839 [main] INFO  com.epam.filesystem.Main - Введите имя второго каталога
18:03:36.420 [main] INFO  com.epam.filesystem.Main - Введите имя каталога
18:07:34.069 [main] INFO  com.epam.filesystem.Main - Чтобы определить полный путь заданного файла, нажмите 1
Чтобы подсчитать количество файлов в заданном каталоге, включая вложенные файлы и каталоги, нажмите 2
Чтобы подсчитать место, занимаемое на диске содержимым заданного каталога, нажмите 3
Чтобы найти в базе файлы по заданной маске с выдачей полного пути, нажмите 4
Чтобы удалить файлы и каталоги заданного каталога, нажмите 5
Чтобы переместить файлы и каталоги из одного в другой, нажмите 6
Для выхода нажмите 0
18:07:38.126 [main] INFO  com.epam.filesystem.Main - Введите имя файла
18:07:45.203 [main] INFO  com.epam.filesystem.Main - Введите имя файла
18:07:53.348 [main] INFO  com.epam.filesystem.Main - Введите имя каталога
18:07:57.689 [main] INFO  com.epam.filesystem.Main - Введите имя каталога
18:08:12.687 [main] INFO  com.epam.filesystem.Main - Введите имя каталога
